<?xml version="1.0" encoding="UTF-8"?>
<!-- Generated by org.testng.reporters.JUnitReportReporter -->
<testsuite hostname="HarishIyer" name="com.paddu.GmailTest" tests="1" failures="0" timestamp="4 May 2016 02:54:52 GMT" time="16.869" errors="0">
  <testcase name="sendAndReceiveEmail" time="16.869" classname="com.paddu.GmailTest"/>
</testsuite> <!-- com.paddu.GmailTest -->
